Arguments: 
  /usr/bin/node /usr/bin/yarn dev

PATH: 
  /usr/local/sbin:/usr/local/bin:/usr/sbin:/usr/bin:/sbin:/bin:/usr/games:/usr/local/games:/snap/bin

Yarn version: 
  1.22.5

Node version: 
  12.18.4

Platform: 
  linux x64

Trace: 
  Invariant Violation: Script must exist
      at invariant (/usr/lib/node_modules/yarn/lib/cli.js:2314:15)
      at /usr/lib/node_modules/yarn/lib/cli.js:62387:11
      at Generator.next (<anonymous>)
      at step (/usr/lib/node_modules/yarn/lib/cli.js:310:30)
      at /usr/lib/node_modules/yarn/lib/cli.js:328:14
      at new Promise (<anonymous>)
      at new F (/usr/lib/node_modules/yarn/lib/cli.js:5301:28)
      at /usr/lib/node_modules/yarn/lib/cli.js:307:12
      at realRunCommand (/usr/lib/node_modules/yarn/lib/cli.js:62472:23)
      at action.action (/usr/lib/node_modules/yarn/lib/cli.js:62533:16)

npm manifest: 
  {
    "name": "super-mega-app",
    "version": "1.0.0",
    "description": "super-mega-app in react",
    "main": "index.js",
    "scripts": {
      "start": "parcel public/index.html",
      "dev": "",
      "test": "echo \"Error: no test specified\" && exit 1"
    },
    "repository": {
      "type": "git",
      "url": "git+https://github.com/ericmuh/learn-react-series.git"
    },
    "keywords": [
      "super-mega-app",
      "react-app"
    ],
    "author": "ERIC",
    "license": "MIT",
    "bugs": {
      "url": "https://github.com/ericmuh/learn-react-series/issues"
    },
    "homepage": "https://github.com/ericmuh/learn-react-series#readme",
    "dependencies": {
      "react": "^16.13.1",
      "react-dom": "^16.13.1"
    },
    "devDependencies": {
      "@babel/core": "^7.11.6",
      "@babel/preset-env": "^7.11.5",
      "@babel/preset-react": "^7.10.4",
      "parcel-bundler": "^1.12.4"
    }
  }

yarn manifest: 
  No manifest

Lockfile: 
  No lockfile
